  eloop.cpp
C:\Program Files (x86)\Windows Kits\8.1\Include\um\wspiapi.h(53): error C2894: 模板不能声明为有“C”链接
D:\localLib\libuv-1.9.1\libuv-1.9.1\include\uv.h(512): error C3646: “func_connectex”: 未知重写说明符
D:\localLib\libuv-1.9.1\libuv-1.9.1\include\uv.h(512): error C4430: 缺少类型说明符 - 假定为 int。注意: C++ 不支持默认 int
  eloop_file.cpp
C:\Program Files (x86)\Windows Kits\8.1\Include\um\wspiapi.h(53): error C2894: 模板不能声明为有“C”链接
D:\localLib\libuv-1.9.1\libuv-1.9.1\include\uv.h(512): error C3646: “func_connectex”: 未知重写说明符
D:\localLib\libuv-1.9.1\libuv-1.9.1\include\uv.h(512): error C4430: 缺少类型说明符 - 假定为 int。注意: C++ 不支持默认 int
  eloop_lock.cpp
C:\Program Files (x86)\Windows Kits\8.1\Include\um\wspiapi.h(53): error C2894: 模板不能声明为有“C”链接
D:\localLib\libuv-1.9.1\libuv-1.9.1\include\uv.h(512): error C3646: “func_connectex”: 未知重写说明符
D:\localLib\libuv-1.9.1\libuv-1.9.1\include\uv.h(512): error C4430: 缺少类型说明符 - 假定为 int。注意: C++ 不支持默认 int
  eloop_net.cpp
C:\Program Files (x86)\Windows Kits\8.1\Include\um\wspiapi.h(53): error C2894: 模板不能声明为有“C”链接
D:\localLib\libuv-1.9.1\libuv-1.9.1\include\uv.h(512): error C3646: “func_connectex”: 未知重写说明符
D:\localLib\libuv-1.9.1\libuv-1.9.1\include\uv.h(512): error C4430: 缺少类型说明符 - 假定为 int。注意: C++ 不支持默认 int
  eloop_win.cpp
C:\Program Files (x86)\Windows Kits\8.1\Include\um\wspiapi.h(53): error C2894: 模板不能声明为有“C”链接
D:\localLib\libuv-1.9.1\libuv-1.9.1\include\uv.h(512): error C3646: “func_connectex”: 未知重写说明符
D:\localLib\libuv-1.9.1\libuv-1.9.1\include\uv.h(512): error C4430: 缺少类型说明符 - 假定为 int。注意: C++ 不支持默认 int
eloop_win.cpp(3): fatal error C1083: 无法打开包括文件: “FileLog.h”: No such file or directory
  正在生成代码...
